2024-06-22 20:06:975 INFO  ManageBrowser :31 - Chrome Browser Launch ...
2024-06-22 20:06:542 INFO  ManageBrowser :31 - Chrome Browser Launch ...
2024-06-22 20:06:767 INFO  ManageBrowser :31 - Chrome Browser Launch ...
2024-06-22 20:06:867 INFO  ManageBrowser :31 - Chrome Browser Launch ...
2024-06-22 20:06:395 INFO  ManageBrowser :31 - Chrome Browser Launch ...
2024-06-22 21:06:828 INFO  ManageBrowser :31 - Chrome Browser Launch ...
2024-06-22 21:06:153 INFO  ManageBrowser :31 - Chrome Browser Launch ...
2024-06-22 21:06:617 INFO  ManageBrowser :31 - Chrome Browser Launch ...
2024-06-22 21:06:161 INFO  ManageBrowser :31 - Chrome Browser Launch ...
2024-06-22 21:06:982 INFO  ManageBrowser :31 - Chrome Browser Launch ...
2024-06-22 21:06:410 INFO  ManageBrowser :31 - Chrome Browser Launch ...
2024-06-22 21:06:341 INFO  ManageBrowser :31 - Chrome Browser Launch ...
2024-06-22 21:06:890 INFO  ManageBrowser :31 - Chrome Browser Launch ...
2024-06-22 21:06:439 INFO  ManageBrowser :31 - Chrome Browser Launch ...
2024-06-22 21:06:611 INFO  ManageBrowser :31 - Chrome Browser Launch ...
2024-06-22 21:06:15 INFO  ManageBrowser :31 - Chrome Browser Launch ...
2024-06-22 21:06:451 INFO  ManageBrowser :31 - Chrome Browser Launch ...
2024-06-22 21:06:630 INFO  ManageBrowser :31 - Chrome Browser Launch ...
2024-06-22 21:06:532 INFO  ManageBrowser :31 - Chrome Browser Launch ...
2024-06-22 21:06:678 INFO  ManageBrowser :31 - Chrome Browser Launch ...
2024-06-22 21:06:353 INFO  ManageBrowser :31 - Chrome Browser Launch ...
2024-06-22 21:06:978 INFO  ManageBrowser :31 - Chrome Browser Launch ...
2024-06-22 21:06:469 INFO  ManageBrowser :31 - Chrome Browser Launch ...
2024-06-22 21:06:581 INFO  ManageBrowser :31 - Chrome Browser Launch ...
2024-06-22 21:06:144 INFO  ManageBrowser :31 - Chrome Browser Launch ...
2024-06-22 21:06:788 INFO  ManageBrowser :31 - Chrome Browser Launch ...
2024-06-22 21:06:864 INFO  ManageBrowser :31 - Chrome Browser Launch ...
2024-06-22 21:06:32 INFO  ManageBrowser :31 - Chrome Browser Launch ...
2024-06-22 21:06:185 INFO  ManageBrowser :31 - Chrome Browser Launch ...
2024-06-22 21:06:359 INFO  ManageBrowser :31 - Chrome Browser Launch ...
2024-06-22 21:06:980 INFO  ManageBrowser :31 - Chrome Browser Launch ...
2024-06-22 21:06:509 INFO  ManageBrowser :31 - Chrome Browser Launch ...
2024-06-22 22:06:393 INFO  ManageBrowser :31 - Chrome Browser Launch ...
2024-06-22 22:06:332 INFO  ManageBrowser :31 - Chrome Browser Launch ...
2024-06-22 22:06:363 INFO  ManageBrowser :31 - Chrome Browser Launch ...
2024-06-22 22:06:924 INFO  ManageBrowser :31 - Chrome Browser Launch ...
2024-06-22 22:06:693 INFO  ManageBrowser :31 - Chrome Browser Launch ...
2024-06-22 22:06:514 INFO  ManageBrowser :31 - Chrome Browser Launch ...
2024-06-22 22:06:364 INFO  ManageBrowser :31 - Chrome Browser Launch ...
2024-06-22 22:06:823 INFO  ManageBrowser :31 - Chrome Browser Launch ...
2024-06-22 22:06:655 INFO  ManageBrowser :31 - Chrome Browser Launch ...
2024-06-22 22:06:775 INFO  ManageBrowser :31 - Chrome Browser Launch ...
2024-06-22 22:06:165 INFO  ManageBrowser :31 - Chrome Browser Launch ...
2024-06-22 22:06:676 INFO  ManageBrowser :31 - Chrome Browser Launch ...
2024-06-22 22:06:953 INFO  ManageBrowser :31 - Chrome Browser Launch ...
2024-06-22 22:06:361 INFO  ManageBrowser :31 - Chrome Browser Launch ...
2024-06-22 22:06:915 INFO  ManageBrowser :31 - Chrome Browser Launch ...
2024-06-22 22:06:551 INFO  ManageBrowser :31 - Chrome Browser Launch ...
2024-06-22 22:06:630 INFO  ManageBrowser :31 - Chrome Browser Launch ...
2024-06-22 22:06:185 INFO  ManageBrowser :31 - Chrome Browser Launch ...
2024-06-22 22:06:92 INFO  ManageBrowser :31 - Chrome Browser Launch ...
2024-06-22 22:06:926 INFO  ManageBrowser :31 - Chrome Browser Launch ...
2024-06-22 22:06:758 INFO  ManageBrowser :31 - Chrome Browser Launch ...
2024-06-22 22:06:415 INFO  ManageBrowser :31 - Chrome Browser Launch ...
2024-06-22 22:06:637 INFO  ManageBrowser :31 - Chrome Browser Launch ...
2024-06-22 22:06:390 INFO  ManageBrowser :31 - Chrome Browser Launch ...
2024-06-22 22:06:291 INFO  ManageBrowser :31 - Chrome Browser Launch ...
2024-06-22 22:06:983 INFO  ManageBrowser :31 - Chrome Browser Launch ...
2024-06-22 22:06:609 INFO  ManageBrowser :31 - Chrome Browser Launch ...
2024-06-22 22:06:206 INFO  ManageBrowser :31 - Chrome Browser Launch ...
2024-06-22 22:06:767 INFO  ManageBrowser :31 - Chrome Browser Launch ...
2024-06-22 22:06:850 INFO  ManageBrowser :31 - Chrome Browser Launch ...
2024-06-22 22:06:917 INFO  ManageBrowser :31 - Chrome Browser Launch ...
2024-06-22 22:06:848 INFO  ManageBrowser :31 - Chrome Browser Launch ...
2024-06-22 22:06:759 INFO  ManageBrowser :31 - Chrome Browser Launch ...
2024-06-22 22:06:606 INFO  ManageBrowser :31 - Chrome Browser Launch ...
2024-06-22 22:06:398 INFO  ManageBrowser :31 - Chrome Browser Launch ...
2024-06-22 22:06:908 INFO  ManageBrowser :31 - Chrome Browser Launch ...
2024-06-22 22:06:252 INFO  ManageBrowser :31 - Chrome Browser Launch ...
2024-06-22 23:06:587 INFO  ManageBrowser :31 - Chrome Browser Launch ...
2024-06-22 23:06:599 INFO  ManageBrowser :31 - Chrome Browser Launch ...
2024-06-22 23:06:415 INFO  ManageBrowser :31 - Chrome Browser Launch ...
2024-06-22 23:06:509 INFO  ManageBrowser :31 - Chrome Browser Launch ...
2024-06-22 23:06:847 INFO  ManageBrowser :31 - Chrome Browser Launch ...
2024-06-22 23:06:997 INFO  ManageBrowser :31 - Chrome Browser Launch ...
2024-06-22 23:06:259 INFO  ManageBrowser :31 - Chrome Browser Launch ...
2024-06-22 23:06:865 INFO  ManageBrowser :31 - Chrome Browser Launch ...
2024-06-22 23:06:25 INFO  ManageBrowser :31 - Chrome Browser Launch ...
2024-06-22 23:06:713 INFO  ManageBrowser :31 - Chrome Browser Launch ...
2024-06-22 23:06:171 INFO  ManageBrowser :31 - Chrome Browser Launch ...
2024-06-22 23:06:563 INFO  ManageBrowser :31 - Chrome Browser Launch ...
2024-06-22 23:06:332 INFO  ManageBrowser :31 - Chrome Browser Launch ...
2024-06-22 23:06:288 INFO  ManageBrowser :31 - Chrome Browser Launch ...
2024-06-22 23:06:435 INFO  ManageBrowser :31 - Chrome Browser Launch ...
2024-06-22 23:06:653 INFO  ManageBrowser :31 - Chrome Browser Launch ...
2024-06-22 23:06:814 INFO  ManageBrowser :31 - Chrome Browser Launch ...
2024-06-22 23:06:795 INFO  ManageBrowser :31 - Chrome Browser Launch ...
2024-06-22 23:06:126 INFO  ManageBrowser :31 - Chrome Browser Launch ...
2024-06-22 23:06:562 INFO  ManageBrowser :31 - Chrome Browser Launch ...
2024-06-22 23:06:324 INFO  ManageBrowser :31 - Chrome Browser Launch ...
2024-06-22 23:06:02 INFO  ManageBrowser :31 - Chrome Browser Launch ...
2024-06-22 23:06:204 INFO  ManageBrowser :31 - Chrome Browser Launch ...
2024-06-22 23:06:319 INFO  ManageBrowser :31 - Chrome Browser Launch ...
2024-06-22 23:06:476 INFO  ManageBrowser :31 - Chrome Browser Launch ...
2024-06-22 23:06:200 INFO  ManageBrowser :31 - Chrome Browser Launch ...
2024-06-22 23:06:498 INFO  ManageBrowser :31 - Chrome Browser Launch ...
2024-06-22 23:06:862 INFO  ManageBrowser :31 - Chrome Browser Launch ...
2024-06-22 23:06:504 INFO  ManageBrowser :31 - Chrome Browser Launch ...
2024-06-22 23:06:203 INFO  ManageBrowser :31 - Chrome Browser Launch ...
2024-06-22 23:06:231 INFO  ManageBrowser :31 - Chrome Browser Launch ...
2024-06-22 23:06:941 INFO  ManageBrowser :31 - Chrome Browser Launch ...
2024-06-22 23:06:255 INFO  ManageBrowser :31 - Chrome Browser Launch ...
2024-06-22 23:06:885 INFO  ManageBrowser :31 - Chrome Browser Launch ...
2024-06-22 23:06:627 INFO  ManageBrowser :31 - Chrome Browser Launch ...
2024-06-22 23:06:131 INFO  ManageBrowser :31 - Chrome Browser Launch ...
2024-06-22 23:06:528 INFO  ManageBrowser :31 - Chrome Browser Launch ...
2024-06-22 23:06:651 INFO  ManageBrowser :31 - Chrome Browser Launch ...
2024-06-22 23:06:200 INFO  ManageBrowser :31 - Chrome Browser Launch ...
2024-06-22 23:06:271 INFO  ManageBrowser :31 - Chrome Browser Launch ...
2024-06-22 23:06:439 INFO  ManageBrowser :31 - Chrome Browser Launch ...
2024-06-22 23:06:716 INFO  ManageBrowser :31 - Chrome Browser Launch ...
2024-06-22 23:06:639 INFO  ManageBrowser :31 - Chrome Browser Launch ...
2024-06-22 23:06:334 INFO  HomePage :32 - Click on computer tab[[ChromeDriver: chrome on windows (4bab964f2ec5d2a4f1ceb5035521536b)] -> link text: Computers]
2024-06-22 23:06:398 INFO  ComputerPage :25 - Get computer textComputers
2024-06-22 23:06:662 INFO  ManageBrowser :31 - Chrome Browser Launch ...
2024-06-22 23:06:644 INFO  HomePage :32 - Click on computer tab[[ChromeDriver: chrome on windows (c1d7f8133eba882bab8aa4832d72356b)] -> link text: Computers]
2024-06-22 23:06:197 INFO  ComputerPage :32 - click on desktops link[[ChromeDriver: chrome on windows (c1d7f8133eba882bab8aa4832d72356b)] -> xpath: //li[@class='inactive']//a[normalize-space()='Desktops']]
2024-06-22 23:06:226 INFO  DesktopsPage :24 - Get desktops textDesktops
2024-06-22 23:06:466 INFO  ManageBrowser :31 - Chrome Browser Launch ...
2024-06-22 23:06:867 INFO  HomePage :32 - Click on computer tab[[ChromeDriver: chrome on windows (50ac52b8f04abb05bc1fcce8e189e051)] -> link text: Computers]
2024-06-22 23:06:350 INFO  ComputerPage :32 - click on desktops link[[ChromeDriver: chrome on windows (50ac52b8f04abb05bc1fcce8e189e051)] -> xpath: //li[@class='inactive']//a[normalize-space()='Desktops']]
2024-06-22 23:06:892 INFO  DesktopsPage :31 - click on build your own computer product[[ChromeDriver: chrome on windows (50ac52b8f04abb05bc1fcce8e189e051)] -> link text: Build your own computer]
2024-06-22 23:06:37 INFO  BuildYourOwnComputerPage :62 - Select value '2.2 GHz Intel Pentium Dual-Core E2200' from processor dropdown
2024-06-22 23:06:120 INFO  BuildYourOwnComputerPage :68 - Select value '2 GB' from ram dropdown[[ChromeDriver: chrome on windows (50ac52b8f04abb05bc1fcce8e189e051)] -> id: product_attribute_2]
2024-06-22 23:06:191 INFO  BuildYourOwnComputerPage :85 - Select value '320 GB' from HDD radio[[[ChromeDriver: chrome on windows (50ac52b8f04abb05bc1fcce8e189e051)] -> xpath: //ul[@data-attr='3']//li/label], [[ChromeDriver: chrome on windows (50ac52b8f04abb05bc1fcce8e189e051)] -> xpath: //ul[@data-attr='3']//li/label]]
2024-06-22 23:06:243 INFO  BuildYourOwnComputerPage :102 - Select value 'Vista Home [+$50.00]' from OS radio[[[ChromeDriver: chrome on windows (50ac52b8f04abb05bc1fcce8e189e051)] -> xpath: //ul[@data-attr='4']//li/label], [[ChromeDriver: chrome on windows (50ac52b8f04abb05bc1fcce8e189e051)] -> xpath: //ul[@data-attr='4']//li/label]]
2024-06-22 23:06:753 INFO  ManageBrowser :31 - Chrome Browser Launch ...
2024-06-22 23:06:293 INFO  HomePage :32 - Click on computer tab[[ChromeDriver: chrome on windows (b482b1a48be61d50fa188e82626624b1)] -> link text: Computers]
2024-06-22 23:06:807 INFO  ComputerPage :32 - click on desktops link[[ChromeDriver: chrome on windows (b482b1a48be61d50fa188e82626624b1)] -> xpath: //li[@class='inactive']//a[normalize-space()='Desktops']]
2024-06-22 23:06:365 INFO  DesktopsPage :31 - click on build your own computer product[[ChromeDriver: chrome on windows (b482b1a48be61d50fa188e82626624b1)] -> link text: Build your own computer]
2024-06-22 23:06:501 INFO  BuildYourOwnComputerPage :62 - Select value '2.5 GHz Intel Pentium Dual-Core E2200 [+$15.00]' from processor dropdown
2024-06-22 23:06:662 INFO  BuildYourOwnComputerPage :68 - Select value '4GB [+$20.00]' from ram dropdown[[ChromeDriver: chrome on windows (b482b1a48be61d50fa188e82626624b1)] -> id: product_attribute_2]
2024-06-22 23:06:776 INFO  BuildYourOwnComputerPage :85 - Select value '400 GB [+$100.00]' from HDD radio[[[ChromeDriver: chrome on windows (b482b1a48be61d50fa188e82626624b1)] -> xpath: //ul[@data-attr='3']//li/label], [[ChromeDriver: chrome on windows (b482b1a48be61d50fa188e82626624b1)] -> xpath: //ul[@data-attr='3']//li/label]]
2024-06-22 23:06:881 INFO  BuildYourOwnComputerPage :102 - Select value 'Vista Premium [+$60.00]' from OS radio[[[ChromeDriver: chrome on windows (b482b1a48be61d50fa188e82626624b1)] -> xpath: //ul[@data-attr='4']//li/label], [[ChromeDriver: chrome on windows (b482b1a48be61d50fa188e82626624b1)] -> xpath: //ul[@data-attr='4']//li/label]]
2024-06-22 23:06:869 INFO  ManageBrowser :31 - Chrome Browser Launch ...
2024-06-22 23:06:290 INFO  HomePage :32 - Click on computer tab[[ChromeDriver: chrome on windows (b6b33a56f86638597afbac7612b96c02)] -> link text: Computers]
2024-06-22 23:06:731 INFO  ComputerPage :32 - click on desktops link[[ChromeDriver: chrome on windows (b6b33a56f86638597afbac7612b96c02)] -> xpath: //li[@class='inactive']//a[normalize-space()='Desktops']]
2024-06-22 23:06:259 INFO  DesktopsPage :31 - click on build your own computer product[[ChromeDriver: chrome on windows (b6b33a56f86638597afbac7612b96c02)] -> link text: Build your own computer]
2024-06-22 23:06:320 INFO  BuildYourOwnComputerPage :62 - Select value '2.5 GHz Intel Pentium Dual-Core E2200 [+$15.00]' from processor dropdown
2024-06-22 23:06:390 INFO  BuildYourOwnComputerPage :68 - Select value '8GB [+$60.00]' from ram dropdown[[ChromeDriver: chrome on windows (b6b33a56f86638597afbac7612b96c02)] -> id: product_attribute_2]
2024-06-22 23:06:452 INFO  BuildYourOwnComputerPage :85 - Select value '320 GB' from HDD radio[[[ChromeDriver: chrome on windows (b6b33a56f86638597afbac7612b96c02)] -> xpath: //ul[@data-attr='3']//li/label], [[ChromeDriver: chrome on windows (b6b33a56f86638597afbac7612b96c02)] -> xpath: //ul[@data-attr='3']//li/label]]
2024-06-22 23:06:504 INFO  BuildYourOwnComputerPage :102 - Select value 'Vista Home [+$50.00]' from OS radio[[[ChromeDriver: chrome on windows (b6b33a56f86638597afbac7612b96c02)] -> xpath: //ul[@data-attr='4']//li/label], [[ChromeDriver: chrome on windows (b6b33a56f86638597afbac7612b96c02)] -> xpath: //ul[@data-attr='4']//li/label]]
2024-06-22 23:06:267 INFO  ManageBrowser :31 - Chrome Browser Launch ...
2024-06-22 23:06:684 INFO  HomePage :38 - Click on login link[[ChromeDriver: chrome on windows (9198245bde462cccd9137996c7a97d4a)] -> link text: Log in]
2024-06-22 23:06:712 INFO  LoginPage :55 - Get welcome textWelcome, Please Sign In!
2024-06-22 23:06:89 INFO  ManageBrowser :31 - Chrome Browser Launch ...
2024-06-22 23:06:532 INFO  HomePage :38 - Click on login link[[ChromeDriver: chrome on windows (f04d683c0c1ebd2fd0dfa454f9c0c0c7)] -> link text: Log in]
2024-06-22 23:06:616 INFO  LoginPage :37 - Enter email primez123@gmail.com to email field[[ChromeDriver: chrome on windows (f04d683c0c1ebd2fd0dfa454f9c0c0c7)] -> id: Email]
2024-06-22 23:06:679 INFO  LoginPage :43 - Enter email prime123 to email field[[ChromeDriver: chrome on windows (f04d683c0c1ebd2fd0dfa454f9c0c0c7)] -> id: Password]
2024-06-22 23:06:999 INFO  LoginPage :49 - Click on login button[[ChromeDriver: chrome on windows (f04d683c0c1ebd2fd0dfa454f9c0c0c7)] -> class name: login-button]
2024-06-22 23:06:37 INFO  LoginPage :61 - Get error messageLogin was unsuccessful. Please correct the errors and try again.
No customer account found
2024-06-22 23:06:448 INFO  ManageBrowser :31 - Chrome Browser Launch ...
2024-06-22 23:06:860 INFO  HomePage :38 - Click on login link[[ChromeDriver: chrome on windows (e12e82452a08b86fa8dd15a2543345d4)] -> link text: Log in]
2024-06-22 23:06:944 INFO  LoginPage :37 - Enter email testfnln123@gmail.com to email field[[ChromeDriver: chrome on windows (e12e82452a08b86fa8dd15a2543345d4)] -> id: Email]
2024-06-22 23:06:06 INFO  LoginPage :43 - Enter email test@123 to email field[[ChromeDriver: chrome on windows (e12e82452a08b86fa8dd15a2543345d4)] -> id: Password]
2024-06-22 23:06:294 INFO  LoginPage :49 - Click on login button[[ChromeDriver: chrome on windows (e12e82452a08b86fa8dd15a2543345d4)] -> class name: login-button]
2024-06-22 23:06:406 INFO  HomePage :43 - Get logout textProxy element for: DefaultElementLocator 'By.linkText: Log out'
2024-06-22 23:06:144 INFO  ManageBrowser :31 - Chrome Browser Launch ...
2024-06-22 23:06:238 INFO  HomePage :38 - Click on login link[[ChromeDriver: chrome on windows (57ecc90154b991631796794e79d9006f)] -> link text: Log in]
2024-06-22 23:06:336 INFO  LoginPage :37 - Enter email testfnln123@gmail.com to email field[[ChromeDriver: chrome on windows (57ecc90154b991631796794e79d9006f)] -> id: Email]
2024-06-22 23:06:414 INFO  LoginPage :43 - Enter email test@123 to email field[[ChromeDriver: chrome on windows (57ecc90154b991631796794e79d9006f)] -> id: Password]
2024-06-22 23:06:748 INFO  LoginPage :49 - Click on login button[[ChromeDriver: chrome on windows (57ecc90154b991631796794e79d9006f)] -> class name: login-button]
2024-06-22 23:06:149 INFO  ManageBrowser :31 - Chrome Browser Launch ...
2024-06-22 23:06:492 INFO  HomePage :62 - Click on register link[[ChromeDriver: chrome on windows (50f8be88a1bca792953a39b7250f09f0)] -> link text: Register]
2024-06-22 23:06:530 INFO  RegisterPage :86 - Get register textRegister
2024-06-22 23:06:798 INFO  ManageBrowser :31 - Chrome Browser Launch ...
2024-06-22 23:06:215 INFO  HomePage :62 - Click on register link[[ChromeDriver: chrome on windows (582c532a6071afdd8bba77e42223b143)] -> link text: Register]
2024-06-22 23:06:296 INFO  RegisterPage :93 - Click on register button[[ChromeDriver: chrome on windows (582c532a6071afdd8bba77e42223b143)] -> id: register-button]
2024-06-22 23:06:334 INFO  RegisterPage :98 - Get firstname field error messageFirst name is required.
2024-06-22 23:06:367 INFO  RegisterPage :104 - Get lastname field error messageLast name is required.
2024-06-22 23:06:394 INFO  RegisterPage :110 - Get email field error messageEmail is required.
2024-06-22 23:06:417 INFO  RegisterPage :116 - Get password field error messagePassword is required.
2024-06-22 23:06:988 INFO  ManageBrowser :31 - Chrome Browser Launch ...
2024-06-22 23:06:363 INFO  HomePage :62 - Click on register link[[ChromeDriver: chrome on windows (92a5a425ba924002c2fc0a21bd6a3d1b)] -> link text: Register]
2024-06-22 23:06:440 INFO  RegisterPage :123 - Click on Female option from Gender radio button[[ChromeDriver: chrome on windows (92a5a425ba924002c2fc0a21bd6a3d1b)] -> id: gender-female]
2024-06-22 23:06:526 INFO  RegisterPage :129 - Enter firstnameTest FirstName to firstname field[[ChromeDriver: chrome on windows (92a5a425ba924002c2fc0a21bd6a3d1b)] -> id: FirstName]
2024-06-22 23:06:602 INFO  RegisterPage :135 - Enter lastname Test LastName to lastname field[[ChromeDriver: chrome on windows (92a5a425ba924002c2fc0a21bd6a3d1b)] -> id: LastName]
2024-06-22 23:06:689 INFO  RegisterPage :141 - Select day value '12' from Date of birth dropdown[[ChromeDriver: chrome on windows (92a5a425ba924002c2fc0a21bd6a3d1b)] -> name: DateOfBirthDay]
2024-06-22 23:06:768 INFO  RegisterPage :147 - Select month value 'April' from Date of birth dropdown[[ChromeDriver: chrome on windows (92a5a425ba924002c2fc0a21bd6a3d1b)] -> name: DateOfBirthMonth]
2024-06-22 23:06:838 INFO  RegisterPage :153 - Select year value '1993' from Date of birth dropdown[[ChromeDriver: chrome on windows (92a5a425ba924002c2fc0a21bd6a3d1b)] -> name: DateOfBirthYear]
2024-06-22 23:06:947 INFO  RegisterPage :159 - Enter emailtestfnln918@gmail.com to email field[[ChromeDriver: chrome on windows (92a5a425ba924002c2fc0a21bd6a3d1b)] -> id: Email]
2024-06-22 23:06:21 INFO  RegisterPage :165 - Enter password 'test@123' to password field[[ChromeDriver: chrome on windows (92a5a425ba924002c2fc0a21bd6a3d1b)] -> id: Password]
2024-06-22 23:06:94 INFO  RegisterPage :171 - Enter confirm password 'test@123' to password field[[ChromeDriver: chrome on windows (92a5a425ba924002c2fc0a21bd6a3d1b)] -> id: ConfirmPassword]
2024-06-22 23:06:587 INFO  RegisterPage :93 - Click on register button[[ChromeDriver: chrome on windows (92a5a425ba924002c2fc0a21bd6a3d1b)] -> id: register-button]
2024-06-22 23:06:618 INFO  RegisterPage :176 - Get registration successful messageYour registration completed
2024-06-22 23:06:962 INFO  ManageBrowser :31 - Chrome Browser Launch ...
2024-06-22 23:06:454 INFO  HomePage :32 - Click on computer tab[[ChromeDriver: chrome on windows (cb6416535742bd4acd7265dba238a24d)] -> link text: Computers]
2024-06-22 23:06:538 INFO  ComputerPage :25 - Get computer textComputers
2024-06-22 23:06:313 INFO  ManageBrowser :31 - Chrome Browser Launch ...
2024-06-22 23:06:670 INFO  HomePage :32 - Click on computer tab[[ChromeDriver: chrome on windows (0b7ae10d2a9c8e01eeecf3772897e99f)] -> link text: Computers]
2024-06-22 23:06:65 INFO  ComputerPage :32 - click on desktops link[[ChromeDriver: chrome on windows (0b7ae10d2a9c8e01eeecf3772897e99f)] -> xpath: //li[@class='inactive']//a[normalize-space()='Desktops']]
2024-06-22 23:06:95 INFO  DesktopsPage :24 - Get desktops textDesktops
2024-06-22 23:06:569 INFO  ManageBrowser :31 - Chrome Browser Launch ...
2024-06-22 23:06:537 INFO  HomePage :32 - Click on computer tab[[ChromeDriver: chrome on windows (0c8f60f7f225a10e6291f199a8ef27e6)] -> link text: Computers]
2024-06-22 23:06:941 INFO  ComputerPage :32 - click on desktops link[[ChromeDriver: chrome on windows (0c8f60f7f225a10e6291f199a8ef27e6)] -> xpath: //li[@class='inactive']//a[normalize-space()='Desktops']]
2024-06-22 23:06:426 INFO  DesktopsPage :31 - click on build your own computer product[[ChromeDriver: chrome on windows (0c8f60f7f225a10e6291f199a8ef27e6)] -> link text: Build your own computer]
2024-06-22 23:06:543 INFO  BuildYourOwnComputerPage :62 - Select value '2.2 GHz Intel Pentium Dual-Core E2200' from processor dropdown
2024-06-22 23:06:611 INFO  BuildYourOwnComputerPage :68 - Select value '2 GB' from ram dropdown[[ChromeDriver: chrome on windows (0c8f60f7f225a10e6291f199a8ef27e6)] -> id: product_attribute_2]
2024-06-22 23:06:677 INFO  BuildYourOwnComputerPage :85 - Select value '320 GB' from HDD radio[[[ChromeDriver: chrome on windows (0c8f60f7f225a10e6291f199a8ef27e6)] -> xpath: //ul[@data-attr='3']//li/label], [[ChromeDriver: chrome on windows (0c8f60f7f225a10e6291f199a8ef27e6)] -> xpath: //ul[@data-attr='3']//li/label]]
2024-06-22 23:06:725 INFO  BuildYourOwnComputerPage :102 - Select value 'Vista Home [+$50.00]' from OS radio[[[ChromeDriver: chrome on windows (0c8f60f7f225a10e6291f199a8ef27e6)] -> xpath: //ul[@data-attr='4']//li/label], [[ChromeDriver: chrome on windows (0c8f60f7f225a10e6291f199a8ef27e6)] -> xpath: //ul[@data-attr='4']//li/label]]
2024-06-22 23:06:791 INFO  BuildYourOwnComputerPage :138 - Select value 'Microsoft Office [+$50.00]' from Software checkbox[[[ChromeDriver: chrome on windows (0c8f60f7f225a10e6291f199a8ef27e6)] -> xpath: //ul[@data-attr='5']//li/label], [[ChromeDriver: chrome on windows (0c8f60f7f225a10e6291f199a8ef27e6)] -> xpath: //ul[@data-attr='5']//li/label], [[ChromeDriver: chrome on windows (0c8f60f7f225a10e6291f199a8ef27e6)] -> xpath: //ul[@data-attr='5']//li/label]]
2024-06-22 23:06:830 INFO  BuildYourOwnComputerPage :49 - Click on add to cart button
2024-06-22 23:06:86 INFO  BuildYourOwnComputerPage :55 - Get notification message
2024-06-22 23:06:559 INFO  ManageBrowser :31 - Chrome Browser Launch ...
2024-06-22 23:06:873 INFO  HomePage :32 - Click on computer tab[[ChromeDriver: chrome on windows (2a0ffac83023032305a5c6cf8760f0c2)] -> link text: Computers]
2024-06-22 23:06:278 INFO  ComputerPage :32 - click on desktops link[[ChromeDriver: chrome on windows (2a0ffac83023032305a5c6cf8760f0c2)] -> xpath: //li[@class='inactive']//a[normalize-space()='Desktops']]
2024-06-22 23:06:705 INFO  DesktopsPage :31 - click on build your own computer product[[ChromeDriver: chrome on windows (2a0ffac83023032305a5c6cf8760f0c2)] -> link text: Build your own computer]
2024-06-22 23:06:792 INFO  BuildYourOwnComputerPage :62 - Select value '2.5 GHz Intel Pentium Dual-Core E2200 [+$15.00]' from processor dropdown
2024-06-22 23:06:910 INFO  BuildYourOwnComputerPage :68 - Select value '4GB [+$20.00]' from ram dropdown[[ChromeDriver: chrome on windows (2a0ffac83023032305a5c6cf8760f0c2)] -> id: product_attribute_2]
2024-06-22 23:06:989 INFO  BuildYourOwnComputerPage :85 - Select value '400 GB [+$100.00]' from HDD radio[[[ChromeDriver: chrome on windows (2a0ffac83023032305a5c6cf8760f0c2)] -> xpath: //ul[@data-attr='3']//li/label], [[ChromeDriver: chrome on windows (2a0ffac83023032305a5c6cf8760f0c2)] -> xpath: //ul[@data-attr='3']//li/label]]
2024-06-22 23:06:60 INFO  BuildYourOwnComputerPage :102 - Select value 'Vista Premium [+$60.00]' from OS radio[[[ChromeDriver: chrome on windows (2a0ffac83023032305a5c6cf8760f0c2)] -> xpath: //ul[@data-attr='4']//li/label], [[ChromeDriver: chrome on windows (2a0ffac83023032305a5c6cf8760f0c2)] -> xpath: //ul[@data-attr='4']//li/label]]
2024-06-22 23:06:155 INFO  BuildYourOwnComputerPage :138 - Select value 'Acrobat Reader [+$10.00]' from Software checkbox[[[ChromeDriver: chrome on windows (2a0ffac83023032305a5c6cf8760f0c2)] -> xpath: //ul[@data-attr='5']//li/label], [[ChromeDriver: chrome on windows (2a0ffac83023032305a5c6cf8760f0c2)] -> xpath: //ul[@data-attr='5']//li/label], [[ChromeDriver: chrome on windows (2a0ffac83023032305a5c6cf8760f0c2)] -> xpath: //ul[@data-attr='5']//li/label]]
2024-06-22 23:06:210 INFO  BuildYourOwnComputerPage :49 - Click on add to cart button
2024-06-22 23:06:615 INFO  BuildYourOwnComputerPage :55 - Get notification message
2024-06-22 23:06:380 INFO  ManageBrowser :31 - Chrome Browser Launch ...
2024-06-22 23:06:331 INFO  HomePage :32 - Click on computer tab[[ChromeDriver: chrome on windows (f6f9b27b41c4d2ebfb947dbebdbc08f6)] -> link text: Computers]
2024-06-22 23:06:748 INFO  ComputerPage :32 - click on desktops link[[ChromeDriver: chrome on windows (f6f9b27b41c4d2ebfb947dbebdbc08f6)] -> xpath: //li[@class='inactive']//a[normalize-space()='Desktops']]
2024-06-22 23:06:225 INFO  DesktopsPage :31 - click on build your own computer product[[ChromeDriver: chrome on windows (f6f9b27b41c4d2ebfb947dbebdbc08f6)] -> link text: Build your own computer]
2024-06-22 23:06:295 INFO  BuildYourOwnComputerPage :62 - Select value '2.5 GHz Intel Pentium Dual-Core E2200 [+$15.00]' from processor dropdown
2024-06-22 23:06:369 INFO  BuildYourOwnComputerPage :68 - Select value '8GB [+$60.00]' from ram dropdown[[ChromeDriver: chrome on windows (f6f9b27b41c4d2ebfb947dbebdbc08f6)] -> id: product_attribute_2]
2024-06-22 23:06:447 INFO  BuildYourOwnComputerPage :85 - Select value '320 GB' from HDD radio[[[ChromeDriver: chrome on windows (f6f9b27b41c4d2ebfb947dbebdbc08f6)] -> xpath: //ul[@data-attr='3']//li/label], [[ChromeDriver: chrome on windows (f6f9b27b41c4d2ebfb947dbebdbc08f6)] -> xpath: //ul[@data-attr='3']//li/label]]
2024-06-22 23:06:504 INFO  BuildYourOwnComputerPage :102 - Select value 'Vista Home [+$50.00]' from OS radio[[[ChromeDriver: chrome on windows (f6f9b27b41c4d2ebfb947dbebdbc08f6)] -> xpath: //ul[@data-attr='4']//li/label], [[ChromeDriver: chrome on windows (f6f9b27b41c4d2ebfb947dbebdbc08f6)] -> xpath: //ul[@data-attr='4']//li/label]]
2024-06-22 23:06:599 INFO  BuildYourOwnComputerPage :138 - Select value 'Total Commander [+$5.00]' from Software checkbox[[[ChromeDriver: chrome on windows (f6f9b27b41c4d2ebfb947dbebdbc08f6)] -> xpath: //ul[@data-attr='5']//li/label], [[ChromeDriver: chrome on windows (f6f9b27b41c4d2ebfb947dbebdbc08f6)] -> xpath: //ul[@data-attr='5']//li/label], [[ChromeDriver: chrome on windows (f6f9b27b41c4d2ebfb947dbebdbc08f6)] -> xpath: //ul[@data-attr='5']//li/label]]
2024-06-22 23:06:647 INFO  BuildYourOwnComputerPage :49 - Click on add to cart button
2024-06-22 23:06:913 INFO  BuildYourOwnComputerPage :55 - Get notification message
2024-06-22 23:06:524 INFO  ManageBrowser :31 - Chrome Browser Launch ...
2024-06-22 23:06:898 INFO  HomePage :38 - Click on login link[[ChromeDriver: chrome on windows (710fc181a83b0cd271dde7e8f968acb7)] -> link text: Log in]
2024-06-22 23:06:949 INFO  LoginPage :55 - Get welcome textWelcome, Please Sign In!
2024-06-22 23:06:636 INFO  ManageBrowser :31 - Chrome Browser Launch ...
2024-06-22 23:06:660 INFO  HomePage :38 - Click on login link[[ChromeDriver: chrome on windows (556b1caf7a6f51564c80d5342da4b7f4)] -> link text: Log in]
2024-06-22 23:06:776 INFO  LoginPage :37 - Enter email primez123@gmail.com to email field[[ChromeDriver: chrome on windows (556b1caf7a6f51564c80d5342da4b7f4)] -> id: Email]
2024-06-22 23:06:873 INFO  LoginPage :43 - Enter email prime123 to email field[[ChromeDriver: chrome on windows (556b1caf7a6f51564c80d5342da4b7f4)] -> id: Password]
2024-06-22 23:06:187 INFO  LoginPage :49 - Click on login button[[ChromeDriver: chrome on windows (556b1caf7a6f51564c80d5342da4b7f4)] -> class name: login-button]
2024-06-22 23:06:264 INFO  LoginPage :61 - Get error messageLogin was unsuccessful. Please correct the errors and try again.
No customer account found
2024-06-22 23:06:174 INFO  ManageBrowser :31 - Chrome Browser Launch ...
2024-06-22 23:06:588 INFO  HomePage :38 - Click on login link[[ChromeDriver: chrome on windows (88b7b3156c5d12924e07d79a6396f2ad)] -> link text: Log in]
2024-06-22 23:06:727 INFO  LoginPage :37 - Enter email testfnln123@gmail.com to email field[[ChromeDriver: chrome on windows (88b7b3156c5d12924e07d79a6396f2ad)] -> id: Email]
2024-06-22 23:06:822 INFO  LoginPage :43 - Enter email test@123 to email field[[ChromeDriver: chrome on windows (88b7b3156c5d12924e07d79a6396f2ad)] -> id: Password]
2024-06-22 23:06:393 INFO  LoginPage :49 - Click on login button[[ChromeDriver: chrome on windows (88b7b3156c5d12924e07d79a6396f2ad)] -> class name: login-button]
2024-06-22 23:06:413 INFO  HomePage :43 - Get logout text[[ChromeDriver: chrome on windows (88b7b3156c5d12924e07d79a6396f2ad)] -> link text: Log out]
2024-06-22 23:06:963 INFO  ManageBrowser :31 - Chrome Browser Launch ...
2024-06-22 23:06:307 INFO  HomePage :38 - Click on login link[[ChromeDriver: chrome on windows (4ff0d494de33f4448817fea617cba7e1)] -> link text: Log in]
2024-06-22 23:06:393 INFO  LoginPage :37 - Enter email testfnln123@gmail.com to email field[[ChromeDriver: chrome on windows (4ff0d494de33f4448817fea617cba7e1)] -> id: Email]
2024-06-22 23:06:462 INFO  LoginPage :43 - Enter email test@123 to email field[[ChromeDriver: chrome on windows (4ff0d494de33f4448817fea617cba7e1)] -> id: Password]
2024-06-22 23:06:31 INFO  LoginPage :49 - Click on login button[[ChromeDriver: chrome on windows (4ff0d494de33f4448817fea617cba7e1)] -> class name: login-button]
2024-06-22 23:06:612 INFO  HomePage :56 - Click on logout link[[ChromeDriver: chrome on windows (4ff0d494de33f4448817fea617cba7e1)] -> link text: Log out]
2024-06-22 23:06:641 INFO  HomePage :49 - Get login text[[ChromeDriver: chrome on windows (4ff0d494de33f4448817fea617cba7e1)] -> link text: Log in]
2024-06-22 23:06:316 INFO  ManageBrowser :31 - Chrome Browser Launch ...
2024-06-22 23:06:765 INFO  HomePage :62 - Click on register link[[ChromeDriver: chrome on windows (726b2687f3188f27930e7d739a651953)] -> link text: Register]
2024-06-22 23:06:810 INFO  RegisterPage :86 - Get register textRegister
2024-06-22 23:06:958 INFO  ManageBrowser :31 - Chrome Browser Launch ...
2024-06-22 23:06:449 INFO  HomePage :62 - Click on register link[[ChromeDriver: chrome on windows (07a1d8b9c6d37350144fca6adb6fa222)] -> link text: Register]
2024-06-22 23:06:534 INFO  RegisterPage :93 - Click on register button[[ChromeDriver: chrome on windows (07a1d8b9c6d37350144fca6adb6fa222)] -> id: register-button]
2024-06-22 23:06:572 INFO  RegisterPage :98 - Get firstname field error messageFirst name is required.
2024-06-22 23:06:606 INFO  RegisterPage :104 - Get lastname field error messageLast name is required.
2024-06-22 23:06:633 INFO  RegisterPage :110 - Get email field error messageEmail is required.
2024-06-22 23:06:660 INFO  RegisterPage :116 - Get password field error messagePassword is required.
2024-06-22 23:06:350 INFO  ManageBrowser :31 - Chrome Browser Launch ...
2024-06-22 23:06:362 INFO  HomePage :62 - Click on register link[[ChromeDriver: chrome on windows (74ea09aad8d83b8cec550ef2eafe1173)] -> link text: Register]
2024-06-22 23:06:431 INFO  RegisterPage :123 - Click on Female option from Gender radio button[[ChromeDriver: chrome on windows (74ea09aad8d83b8cec550ef2eafe1173)] -> id: gender-female]
2024-06-22 23:06:515 INFO  RegisterPage :129 - Enter firstnameTest FirstName to firstname field[[ChromeDriver: chrome on windows (74ea09aad8d83b8cec550ef2eafe1173)] -> id: FirstName]
2024-06-22 23:06:589 INFO  RegisterPage :135 - Enter lastname Test LastName to lastname field[[ChromeDriver: chrome on windows (74ea09aad8d83b8cec550ef2eafe1173)] -> id: LastName]
2024-06-22 23:06:652 INFO  RegisterPage :141 - Select day value '12' from Date of birth dropdown[[ChromeDriver: chrome on windows (74ea09aad8d83b8cec550ef2eafe1173)] -> name: DateOfBirthDay]
2024-06-22 23:06:710 INFO  RegisterPage :147 - Select month value 'April' from Date of birth dropdown[[ChromeDriver: chrome on windows (74ea09aad8d83b8cec550ef2eafe1173)] -> name: DateOfBirthMonth]
2024-06-22 23:06:766 INFO  RegisterPage :153 - Select year value '1993' from Date of birth dropdown[[ChromeDriver: chrome on windows (74ea09aad8d83b8cec550ef2eafe1173)] -> name: DateOfBirthYear]
2024-06-22 23:06:848 INFO  RegisterPage :159 - Enter emailtestfnln919@gmail.com to email field[[ChromeDriver: chrome on windows (74ea09aad8d83b8cec550ef2eafe1173)] -> id: Email]
2024-06-22 23:06:912 INFO  RegisterPage :165 - Enter password 'test@123' to password field[[ChromeDriver: chrome on windows (74ea09aad8d83b8cec550ef2eafe1173)] -> id: Password]
2024-06-22 23:06:974 INFO  RegisterPage :171 - Enter confirm password 'test@123' to password field[[ChromeDriver: chrome on windows (74ea09aad8d83b8cec550ef2eafe1173)] -> id: ConfirmPassword]
2024-06-22 23:06:549 INFO  RegisterPage :93 - Click on register button[[ChromeDriver: chrome on windows (74ea09aad8d83b8cec550ef2eafe1173)] -> id: register-button]
2024-06-22 23:06:583 INFO  RegisterPage :176 - Get registration successful messageYour registration completed
2024-06-22 23:06:301 INFO  ManageBrowser :31 - Chrome Browser Launch ...
2024-06-22 23:06:745 INFO  HomePage :32 - Click on computer tab[[ChromeDriver: chrome on windows (94c0e2bd0d349018f5a1204968fc98f6)] -> link text: Computers]
2024-06-22 23:06:810 INFO  ComputerPage :25 - Get computer textComputers
2024-06-23 00:06:313 INFO  ManageBrowser :31 - Chrome Browser Launch ...
2024-06-23 00:06:885 INFO  HomePage :32 - Click on computer tab[[ChromeDriver: chrome on windows (8fd6237a85a919c6e12191e752c7c132)] -> link text: Computers]
2024-06-23 00:06:514 INFO  ComputerPage :32 - click on desktops link[[ChromeDriver: chrome on windows (8fd6237a85a919c6e12191e752c7c132)] -> xpath: //li[@class='inactive']//a[normalize-space()='Desktops']]
2024-06-23 00:06:541 INFO  DesktopsPage :24 - Get desktops textDesktops
2024-06-23 00:06:825 INFO  ManageBrowser :31 - Chrome Browser Launch ...
2024-06-23 00:06:212 INFO  HomePage :32 - Click on computer tab[[ChromeDriver: chrome on windows (7d4fccc81d3eebbcf442c5e574015680)] -> link text: Computers]
2024-06-23 00:06:684 INFO  ComputerPage :32 - click on desktops link[[ChromeDriver: chrome on windows (7d4fccc81d3eebbcf442c5e574015680)] -> xpath: //li[@class='inactive']//a[normalize-space()='Desktops']]
2024-06-23 00:06:282 INFO  DesktopsPage :31 - click on build your own computer product[[ChromeDriver: chrome on windows (7d4fccc81d3eebbcf442c5e574015680)] -> link text: Build your own computer]
2024-06-23 00:06:388 INFO  BuildYourOwnComputerPage :62 - Select value '2.2 GHz Intel Pentium Dual-Core E2200' from processor dropdown
2024-06-23 00:06:462 INFO  BuildYourOwnComputerPage :68 - Select value '2 GB' from ram dropdown[[ChromeDriver: chrome on windows (7d4fccc81d3eebbcf442c5e574015680)] -> id: product_attribute_2]
2024-06-23 00:06:528 INFO  BuildYourOwnComputerPage :85 - Select value '320 GB' from HDD radio[[[ChromeDriver: chrome on windows (7d4fccc81d3eebbcf442c5e574015680)] -> xpath: //ul[@data-attr='3']//li/label], [[ChromeDriver: chrome on windows (7d4fccc81d3eebbcf442c5e574015680)] -> xpath: //ul[@data-attr='3']//li/label]]
2024-06-23 00:06:578 INFO  BuildYourOwnComputerPage :102 - Select value 'Vista Home [+$50.00]' from OS radio[[[ChromeDriver: chrome on windows (7d4fccc81d3eebbcf442c5e574015680)] -> xpath: //ul[@data-attr='4']//li/label], [[ChromeDriver: chrome on windows (7d4fccc81d3eebbcf442c5e574015680)] -> xpath: //ul[@data-attr='4']//li/label]]
2024-06-23 00:06:646 INFO  BuildYourOwnComputerPage :138 - Select value 'Microsoft Office [+$50.00]' from Software checkbox[[[ChromeDriver: chrome on windows (7d4fccc81d3eebbcf442c5e574015680)] -> xpath: //ul[@data-attr='5']//li/label], [[ChromeDriver: chrome on windows (7d4fccc81d3eebbcf442c5e574015680)] -> xpath: //ul[@data-attr='5']//li/label], [[ChromeDriver: chrome on windows (7d4fccc81d3eebbcf442c5e574015680)] -> xpath: //ul[@data-attr='5']//li/label]]
2024-06-23 00:06:688 INFO  BuildYourOwnComputerPage :49 - Click on add to cart button
2024-06-23 00:06:958 INFO  BuildYourOwnComputerPage :55 - Get notification message
2024-06-23 00:06:163 INFO  ManageBrowser :31 - Chrome Browser Launch ...
2024-06-23 00:06:751 INFO  HomePage :32 - Click on computer tab[[ChromeDriver: chrome on windows (62535e8d93979dbe7abd95864450a3d3)] -> link text: Computers]
2024-06-23 00:06:251 INFO  ComputerPage :32 - click on desktops link[[ChromeDriver: chrome on windows (62535e8d93979dbe7abd95864450a3d3)] -> xpath: //li[@class='inactive']//a[normalize-space()='Desktops']]
2024-06-23 00:06:897 INFO  DesktopsPage :31 - click on build your own computer product[[ChromeDriver: chrome on windows (62535e8d93979dbe7abd95864450a3d3)] -> link text: Build your own computer]
2024-06-23 00:06:984 INFO  BuildYourOwnComputerPage :62 - Select value '2.5 GHz Intel Pentium Dual-Core E2200 [+$15.00]' from processor dropdown
2024-06-23 00:06:95 INFO  BuildYourOwnComputerPage :68 - Select value '4GB [+$20.00]' from ram dropdown[[ChromeDriver: chrome on windows (62535e8d93979dbe7abd95864450a3d3)] -> id: product_attribute_2]
2024-06-23 00:06:179 INFO  BuildYourOwnComputerPage :85 - Select value '400 GB [+$100.00]' from HDD radio[[[ChromeDriver: chrome on windows (62535e8d93979dbe7abd95864450a3d3)] -> xpath: //ul[@data-attr='3']//li/label], [[ChromeDriver: chrome on windows (62535e8d93979dbe7abd95864450a3d3)] -> xpath: //ul[@data-attr='3']//li/label]]
2024-06-23 00:06:241 INFO  BuildYourOwnComputerPage :102 - Select value 'Vista Premium [+$60.00]' from OS radio[[[ChromeDriver: chrome on windows (62535e8d93979dbe7abd95864450a3d3)] -> xpath: //ul[@data-attr='4']//li/label], [[ChromeDriver: chrome on windows (62535e8d93979dbe7abd95864450a3d3)] -> xpath: //ul[@data-attr='4']//li/label]]
2024-06-23 00:06:388 INFO  BuildYourOwnComputerPage :138 - Select value 'Acrobat Reader [+$10.00]' from Software checkbox[[[ChromeDriver: chrome on windows (62535e8d93979dbe7abd95864450a3d3)] -> xpath: //ul[@data-attr='5']//li/label], [[ChromeDriver: chrome on windows (62535e8d93979dbe7abd95864450a3d3)] -> xpath: //ul[@data-attr='5']//li/label], [[ChromeDriver: chrome on windows (62535e8d93979dbe7abd95864450a3d3)] -> xpath: //ul[@data-attr='5']//li/label]]
2024-06-23 00:06:437 INFO  BuildYourOwnComputerPage :49 - Click on add to cart button
2024-06-23 00:06:729 INFO  BuildYourOwnComputerPage :55 - Get notification message
2024-06-23 00:06:879 INFO  ManageBrowser :31 - Chrome Browser Launch ...
2024-06-23 00:06:997 INFO  HomePage :32 - Click on computer tab[[ChromeDriver: chrome on windows (3ff923573bad8c514a9e02f3b04d547b)] -> link text: Computers]
2024-06-23 00:06:449 INFO  ComputerPage :32 - click on desktops link[[ChromeDriver: chrome on windows (3ff923573bad8c514a9e02f3b04d547b)] -> xpath: //li[@class='inactive']//a[normalize-space()='Desktops']]
2024-06-23 00:06:96 INFO  DesktopsPage :31 - click on build your own computer product[[ChromeDriver: chrome on windows (3ff923573bad8c514a9e02f3b04d547b)] -> link text: Build your own computer]
2024-06-23 00:06:150 INFO  BuildYourOwnComputerPage :62 - Select value '2.5 GHz Intel Pentium Dual-Core E2200 [+$15.00]' from processor dropdown
2024-06-23 00:06:221 INFO  BuildYourOwnComputerPage :68 - Select value '8GB [+$60.00]' from ram dropdown[[ChromeDriver: chrome on windows (3ff923573bad8c514a9e02f3b04d547b)] -> id: product_attribute_2]
2024-06-23 00:06:282 INFO  BuildYourOwnComputerPage :85 - Select value '320 GB' from HDD radio[[[ChromeDriver: chrome on windows (3ff923573bad8c514a9e02f3b04d547b)] -> xpath: //ul[@data-attr='3']//li/label], [[ChromeDriver: chrome on windows (3ff923573bad8c514a9e02f3b04d547b)] -> xpath: //ul[@data-attr='3']//li/label]]
2024-06-23 00:06:332 INFO  BuildYourOwnComputerPage :102 - Select value 'Vista Home [+$50.00]' from OS radio[[[ChromeDriver: chrome on windows (3ff923573bad8c514a9e02f3b04d547b)] -> xpath: //ul[@data-attr='4']//li/label], [[ChromeDriver: chrome on windows (3ff923573bad8c514a9e02f3b04d547b)] -> xpath: //ul[@data-attr='4']//li/label]]
2024-06-23 00:06:405 INFO  BuildYourOwnComputerPage :138 - Select value 'Total Commander [+$5.00]' from Software checkbox[[[ChromeDriver: chrome on windows (3ff923573bad8c514a9e02f3b04d547b)] -> xpath: //ul[@data-attr='5']//li/label], [[ChromeDriver: chrome on windows (3ff923573bad8c514a9e02f3b04d547b)] -> xpath: //ul[@data-attr='5']//li/label], [[ChromeDriver: chrome on windows (3ff923573bad8c514a9e02f3b04d547b)] -> xpath: //ul[@data-attr='5']//li/label]]
2024-06-23 00:06:444 INFO  BuildYourOwnComputerPage :49 - Click on add to cart button
2024-06-23 00:06:833 INFO  BuildYourOwnComputerPage :55 - Get notification message
2024-06-23 00:06:62 INFO  ManageBrowser :31 - Chrome Browser Launch ...
2024-06-23 00:06:465 INFO  HomePage :38 - Click on login link[[ChromeDriver: chrome on windows (0e31fbec549510fd2faa243600c7612b)] -> link text: Log in]
2024-06-23 00:06:500 INFO  LoginPage :55 - Get welcome textWelcome, Please Sign In!
2024-06-23 00:06:933 INFO  ManageBrowser :31 - Chrome Browser Launch ...
2024-06-23 00:06:344 INFO  HomePage :38 - Click on login link[[ChromeDriver: chrome on windows (7cb283d2665b53149c052da05f28e380)] -> link text: Log in]
2024-06-23 00:06:440 INFO  LoginPage :37 - Enter email primez123@gmail.com to email field[[ChromeDriver: chrome on windows (7cb283d2665b53149c052da05f28e380)] -> id: Email]
2024-06-23 00:06:510 INFO  LoginPage :43 - Enter email prime123 to email field[[ChromeDriver: chrome on windows (7cb283d2665b53149c052da05f28e380)] -> id: Password]
2024-06-23 00:06:812 INFO  LoginPage :49 - Click on login button[[ChromeDriver: chrome on windows (7cb283d2665b53149c052da05f28e380)] -> class name: login-button]
2024-06-23 00:06:849 INFO  LoginPage :61 - Get error messageLogin was unsuccessful. Please correct the errors and try again.
No customer account found
2024-06-23 00:06:300 INFO  ManageBrowser :31 - Chrome Browser Launch ...
2024-06-23 00:06:738 INFO  HomePage :38 - Click on login link[[ChromeDriver: chrome on windows (b15aef7e9ca1bf018408437967674fbc)] -> link text: Log in]
2024-06-23 00:06:845 INFO  LoginPage :37 - Enter email testfnln123@gmail.com to email field[[ChromeDriver: chrome on windows (b15aef7e9ca1bf018408437967674fbc)] -> id: Email]
2024-06-23 00:06:921 INFO  LoginPage :43 - Enter email test@123 to email field[[ChromeDriver: chrome on windows (b15aef7e9ca1bf018408437967674fbc)] -> id: Password]
2024-06-23 00:06:561 INFO  LoginPage :49 - Click on login button[[ChromeDriver: chrome on windows (b15aef7e9ca1bf018408437967674fbc)] -> class name: login-button]
2024-06-23 00:06:582 INFO  HomePage :43 - Get logout text[[ChromeDriver: chrome on windows (b15aef7e9ca1bf018408437967674fbc)] -> link text: Log out]
2024-06-23 00:06:81 INFO  ManageBrowser :31 - Chrome Browser Launch ...
2024-06-23 00:06:503 INFO  HomePage :38 - Click on login link[[ChromeDriver: chrome on windows (61678c146fb98d066dc055f92b58170d)] -> link text: Log in]
2024-06-23 00:06:572 INFO  LoginPage :37 - Enter email testfnln123@gmail.com to email field[[ChromeDriver: chrome on windows (61678c146fb98d066dc055f92b58170d)] -> id: Email]
2024-06-23 00:06:649 INFO  LoginPage :43 - Enter email test@123 to email field[[ChromeDriver: chrome on windows (61678c146fb98d066dc055f92b58170d)] -> id: Password]
2024-06-23 00:06:426 INFO  LoginPage :49 - Click on login button[[ChromeDriver: chrome on windows (61678c146fb98d066dc055f92b58170d)] -> class name: login-button]
2024-06-23 00:06:13 INFO  HomePage :56 - Click on logout link[[ChromeDriver: chrome on windows (61678c146fb98d066dc055f92b58170d)] -> link text: Log out]
2024-06-23 00:06:35 INFO  HomePage :49 - Get login text[[ChromeDriver: chrome on windows (61678c146fb98d066dc055f92b58170d)] -> link text: Log in]
2024-06-23 00:06:428 INFO  ManageBrowser :31 - Chrome Browser Launch ...
2024-06-23 00:06:454 INFO  HomePage :62 - Click on register link[[ChromeDriver: chrome on windows (2ff092b526d0c66e25c40ea9b2d796f1)] -> link text: Register]
2024-06-23 00:06:509 INFO  RegisterPage :86 - Get register textRegister
2024-06-23 00:06:871 INFO  ManageBrowser :31 - Chrome Browser Launch ...
2024-06-23 00:06:889 INFO  HomePage :62 - Click on register link[[ChromeDriver: chrome on windows (f62c5d7e62f0083f779718a95c43cbfb)] -> link text: Register]
2024-06-23 00:06:952 INFO  RegisterPage :93 - Click on register button[[ChromeDriver: chrome on windows (f62c5d7e62f0083f779718a95c43cbfb)] -> id: register-button]
2024-06-23 00:06:985 INFO  RegisterPage :98 - Get firstname field error messageFirst name is required.
2024-06-23 00:06:16 INFO  RegisterPage :104 - Get lastname field error messageLast name is required.
2024-06-23 00:06:41 INFO  RegisterPage :110 - Get email field error messageEmail is required.
2024-06-23 00:06:69 INFO  RegisterPage :116 - Get password field error messagePassword is required.
2024-06-23 00:06:558 INFO  ManageBrowser :31 - Chrome Browser Launch ...
2024-06-23 00:06:934 INFO  HomePage :62 - Click on register link[[ChromeDriver: chrome on windows (aa78c15e6c87a40ba7239f7c6936d751)] -> link text: Register]
2024-06-23 00:06:996 INFO  RegisterPage :123 - Click on Female option from Gender radio button[[ChromeDriver: chrome on windows (aa78c15e6c87a40ba7239f7c6936d751)] -> id: gender-female]
2024-06-23 00:06:61 INFO  RegisterPage :129 - Enter firstnameTest FirstName to firstname field[[ChromeDriver: chrome on windows (aa78c15e6c87a40ba7239f7c6936d751)] -> id: FirstName]
2024-06-23 00:06:119 INFO  RegisterPage :135 - Enter lastname Test LastName to lastname field[[ChromeDriver: chrome on windows (aa78c15e6c87a40ba7239f7c6936d751)] -> id: LastName]
2024-06-23 00:06:197 INFO  RegisterPage :141 - Select day value '12' from Date of birth dropdown[[ChromeDriver: chrome on windows (aa78c15e6c87a40ba7239f7c6936d751)] -> name: DateOfBirthDay]
2024-06-23 00:06:257 INFO  RegisterPage :147 - Select month value 'April' from Date of birth dropdown[[ChromeDriver: chrome on windows (aa78c15e6c87a40ba7239f7c6936d751)] -> name: DateOfBirthMonth]
2024-06-23 00:06:322 INFO  RegisterPage :153 - Select year value '1993' from Date of birth dropdown[[ChromeDriver: chrome on windows (aa78c15e6c87a40ba7239f7c6936d751)] -> name: DateOfBirthYear]
2024-06-23 00:06:375 INFO  RegisterPage :159 - Enter emailtestfnln910@gmail.com to email field[[ChromeDriver: chrome on windows (aa78c15e6c87a40ba7239f7c6936d751)] -> id: Email]
2024-06-23 00:06:434 INFO  RegisterPage :165 - Enter password 'test@123' to password field[[ChromeDriver: chrome on windows (aa78c15e6c87a40ba7239f7c6936d751)] -> id: Password]
2024-06-23 00:06:486 INFO  RegisterPage :171 - Enter confirm password 'test@123' to password field[[ChromeDriver: chrome on windows (aa78c15e6c87a40ba7239f7c6936d751)] -> id: ConfirmPassword]
2024-06-23 00:06:81 INFO  RegisterPage :93 - Click on register button[[ChromeDriver: chrome on windows (aa78c15e6c87a40ba7239f7c6936d751)] -> id: register-button]
2024-06-23 00:06:111 INFO  RegisterPage :176 - Get registration successful messageYour registration completed
2024-06-24 17:06:493 INFO  ManageBrowser :31 - Chrome Browser Launch ...
2024-06-24 17:06:99 INFO  HomePage :31 - Click on computer tab [[ChromeDriver: chrome on windows (8c0b5f9a4d7c32878197c8e6b016bf5c)] -> link text: Computers]
2024-06-24 17:06:221 INFO  ComputerPage :23 - Get computer text Computers
2024-06-24 17:06:926 INFO  ManageBrowser :31 - Chrome Browser Launch ...
2024-06-24 17:06:344 INFO  HomePage :31 - Click on computer tab [[ChromeDriver: chrome on windows (c75a03b080e8abf4c271ba53f5e26492)] -> link text: Computers]
2024-06-24 17:06:788 INFO  ComputerPage :29 - click on desktops link[[ChromeDriver: chrome on windows (c75a03b080e8abf4c271ba53f5e26492)] -> xpath: //li[@class='inactive']//a[normalize-space()='Desktops']]
2024-06-24 17:06:826 INFO  DesktopsPage :23 - Get desktops textDesktops
2024-06-24 17:06:809 INFO  ManageBrowser :31 - Chrome Browser Launch ...
2024-06-24 17:06:301 INFO  HomePage :31 - Click on computer tab [[ChromeDriver: chrome on windows (2f44909a668f6372a615e76bffaa33da)] -> link text: Computers]
2024-06-24 17:06:759 INFO  ComputerPage :29 - click on desktops link[[ChromeDriver: chrome on windows (2f44909a668f6372a615e76bffaa33da)] -> xpath: //li[@class='inactive']//a[normalize-space()='Desktops']]
2024-06-24 17:06:246 INFO  DesktopsPage :29 - click on build your own computer product[[ChromeDriver: chrome on windows (2f44909a668f6372a615e76bffaa33da)] -> link text: Build your own computer]
2024-06-24 17:06:371 INFO  BuildYourOwnComputerPage :57 - Select value '2.2 GHz Intel Pentium Dual-Core E2200' from processor dropdown
2024-06-24 17:06:456 INFO  BuildYourOwnComputerPage :62 - Select value '2 GB' from ram dropdown[[ChromeDriver: chrome on windows (2f44909a668f6372a615e76bffaa33da)] -> id: product_attribute_2]
2024-06-24 17:06:533 INFO  BuildYourOwnComputerPage :78 - Select value '320 GB' from HDD radio[[[ChromeDriver: chrome on windows (2f44909a668f6372a615e76bffaa33da)] -> xpath: //ul[@data-attr='3']//li/label], [[ChromeDriver: chrome on windows (2f44909a668f6372a615e76bffaa33da)] -> xpath: //ul[@data-attr='3']//li/label]]
2024-06-24 17:06:595 INFO  BuildYourOwnComputerPage :94 - Select value 'Vista Home [+$50.00]' from OS radio[[[ChromeDriver: chrome on windows (2f44909a668f6372a615e76bffaa33da)] -> xpath: //ul[@data-attr='4']//li/label], [[ChromeDriver: chrome on windows (2f44909a668f6372a615e76bffaa33da)] -> xpath: //ul[@data-attr='4']//li/label]]
2024-06-24 17:06:676 INFO  BuildYourOwnComputerPage :128 - Select value 'Microsoft Office [+$50.00]' from Software checkbox[[[ChromeDriver: chrome on windows (2f44909a668f6372a615e76bffaa33da)] -> xpath: //ul[@data-attr='5']//li/label], [[ChromeDriver: chrome on windows (2f44909a668f6372a615e76bffaa33da)] -> xpath: //ul[@data-attr='5']//li/label], [[ChromeDriver: chrome on windows (2f44909a668f6372a615e76bffaa33da)] -> xpath: //ul[@data-attr='5']//li/label]]
2024-06-24 17:06:728 INFO  BuildYourOwnComputerPage :46 - Click on add to cart button
2024-06-24 17:06:731 INFO  BuildYourOwnComputerPage :51 - Get notification message
2024-06-24 17:06:03 INFO  ManageBrowser :31 - Chrome Browser Launch ...
2024-06-24 17:06:979 INFO  HomePage :31 - Click on computer tab [[ChromeDriver: chrome on windows (69a49c7a316713e87c9f4bbaa37ed06b)] -> link text: Computers]
2024-06-24 17:06:388 INFO  ComputerPage :29 - click on desktops link[[ChromeDriver: chrome on windows (69a49c7a316713e87c9f4bbaa37ed06b)] -> xpath: //li[@class='inactive']//a[normalize-space()='Desktops']]
2024-06-24 17:06:820 INFO  DesktopsPage :29 - click on build your own computer product[[ChromeDriver: chrome on windows (69a49c7a316713e87c9f4bbaa37ed06b)] -> link text: Build your own computer]
2024-06-24 17:06:901 INFO  BuildYourOwnComputerPage :57 - Select value '2.5 GHz Intel Pentium Dual-Core E2200 [+$15.00]' from processor dropdown
2024-06-24 17:06:03 INFO  BuildYourOwnComputerPage :62 - Select value '4GB [+$20.00]' from ram dropdown[[ChromeDriver: chrome on windows (69a49c7a316713e87c9f4bbaa37ed06b)] -> id: product_attribute_2]
2024-06-24 17:06:90 INFO  BuildYourOwnComputerPage :78 - Select value '400 GB [+$100.00]' from HDD radio[[[ChromeDriver: chrome on windows (69a49c7a316713e87c9f4bbaa37ed06b)] -> xpath: //ul[@data-attr='3']//li/label], [[ChromeDriver: chrome on windows (69a49c7a316713e87c9f4bbaa37ed06b)] -> xpath: //ul[@data-attr='3']//li/label]]
2024-06-24 17:06:153 INFO  BuildYourOwnComputerPage :94 - Select value 'Vista Premium [+$60.00]' from OS radio[[[ChromeDriver: chrome on windows (69a49c7a316713e87c9f4bbaa37ed06b)] -> xpath: //ul[@data-attr='4']//li/label], [[ChromeDriver: chrome on windows (69a49c7a316713e87c9f4bbaa37ed06b)] -> xpath: //ul[@data-attr='4']//li/label]]
2024-06-24 17:06:256 INFO  BuildYourOwnComputerPage :128 - Select value 'Acrobat Reader [+$10.00]' from Software checkbox[[[ChromeDriver: chrome on windows (69a49c7a316713e87c9f4bbaa37ed06b)] -> xpath: //ul[@data-attr='5']//li/label], [[ChromeDriver: chrome on windows (69a49c7a316713e87c9f4bbaa37ed06b)] -> xpath: //ul[@data-attr='5']//li/label], [[ChromeDriver: chrome on windows (69a49c7a316713e87c9f4bbaa37ed06b)] -> xpath: //ul[@data-attr='5']//li/label]]
2024-06-24 17:06:321 INFO  BuildYourOwnComputerPage :46 - Click on add to cart button
2024-06-24 17:06:324 INFO  BuildYourOwnComputerPage :51 - Get notification message
2024-06-24 17:06:390 INFO  ManageBrowser :31 - Chrome Browser Launch ...
2024-06-24 17:06:789 INFO  HomePage :31 - Click on computer tab [[ChromeDriver: chrome on windows (ee09e5c934d83e2a543f57ebfee8e43e)] -> link text: Computers]
2024-06-24 17:06:315 INFO  ComputerPage :29 - click on desktops link[[ChromeDriver: chrome on windows (ee09e5c934d83e2a543f57ebfee8e43e)] -> xpath: //li[@class='inactive']//a[normalize-space()='Desktops']]
2024-06-24 17:06:869 INFO  DesktopsPage :29 - click on build your own computer product[[ChromeDriver: chrome on windows (ee09e5c934d83e2a543f57ebfee8e43e)] -> link text: Build your own computer]
2024-06-24 17:06:968 INFO  BuildYourOwnComputerPage :57 - Select value '2.5 GHz Intel Pentium Dual-Core E2200 [+$15.00]' from processor dropdown
2024-06-24 17:06:95 INFO  BuildYourOwnComputerPage :62 - Select value '8GB [+$60.00]' from ram dropdown[[ChromeDriver: chrome on windows (ee09e5c934d83e2a543f57ebfee8e43e)] -> id: product_attribute_2]
2024-06-24 17:06:213 INFO  BuildYourOwnComputerPage :78 - Select value '320 GB' from HDD radio[[[ChromeDriver: chrome on windows (ee09e5c934d83e2a543f57ebfee8e43e)] -> xpath: //ul[@data-attr='3']//li/label], [[ChromeDriver: chrome on windows (ee09e5c934d83e2a543f57ebfee8e43e)] -> xpath: //ul[@data-attr='3']//li/label]]
2024-06-24 17:06:318 INFO  BuildYourOwnComputerPage :94 - Select value 'Vista Home [+$50.00]' from OS radio[[[ChromeDriver: chrome on windows (ee09e5c934d83e2a543f57ebfee8e43e)] -> xpath: //ul[@data-attr='4']//li/label], [[ChromeDriver: chrome on windows (ee09e5c934d83e2a543f57ebfee8e43e)] -> xpath: //ul[@data-attr='4']//li/label]]
2024-06-24 17:06:509 INFO  BuildYourOwnComputerPage :128 - Select value 'Total Commander [+$5.00]' from Software checkbox[[[ChromeDriver: chrome on windows (ee09e5c934d83e2a543f57ebfee8e43e)] -> xpath: //ul[@data-attr='5']//li/label], [[ChromeDriver: chrome on windows (ee09e5c934d83e2a543f57ebfee8e43e)] -> xpath: //ul[@data-attr='5']//li/label], [[ChromeDriver: chrome on windows (ee09e5c934d83e2a543f57ebfee8e43e)] -> xpath: //ul[@data-attr='5']//li/label]]
2024-06-24 17:06:575 INFO  BuildYourOwnComputerPage :46 - Click on add to cart button
2024-06-24 17:06:578 INFO  BuildYourOwnComputerPage :51 - Get notification message
2024-06-24 17:06:874 INFO  ManageBrowser :31 - Chrome Browser Launch ...
2024-06-24 17:06:703 INFO  HomePage :36 - Click on login link [[ChromeDriver: chrome on windows (be2ddaf75ff4b5a509e885d983246012)] -> link text: Log in]
2024-06-24 17:06:733 INFO  LoginPage :50 - Get welcome text Welcome, Please Sign In!
2024-06-24 17:06:520 INFO  ManageBrowser :31 - Chrome Browser Launch ...
2024-06-24 17:06:02 INFO  HomePage :36 - Click on login link [[ChromeDriver: chrome on windows (d88a26e32e8351a559047d061c29ee6e)] -> link text: Log in]
2024-06-24 17:06:114 INFO  LoginPage :35 - Enter email primez123@gmail.com to email field [[ChromeDriver: chrome on windows (d88a26e32e8351a559047d061c29ee6e)] -> id: Email]
2024-06-24 17:06:208 INFO  LoginPage :40 - Enter email prime123 to email field [[ChromeDriver: chrome on windows (d88a26e32e8351a559047d061c29ee6e)] -> id: Password]
2024-06-24 17:06:507 INFO  LoginPage :45 - Click on login button [[ChromeDriver: chrome on windows (d88a26e32e8351a559047d061c29ee6e)] -> class name: login-button]
2024-06-24 17:06:560 INFO  LoginPage :55 - Get error message Login was unsuccessful. Please correct the errors and try again.
No customer account found
2024-06-24 17:06:323 INFO  ManageBrowser :31 - Chrome Browser Launch ...
2024-06-24 17:06:902 INFO  HomePage :36 - Click on login link [[ChromeDriver: chrome on windows (a53342380b241d1d0853740b42a14efb)] -> link text: Log in]
2024-06-24 17:06:25 INFO  LoginPage :35 - Enter email testfnln123@gmail.com to email field [[ChromeDriver: chrome on windows (a53342380b241d1d0853740b42a14efb)] -> id: Email]
2024-06-24 17:06:112 INFO  LoginPage :40 - Enter email test@123 to email field [[ChromeDriver: chrome on windows (a53342380b241d1d0853740b42a14efb)] -> id: Password]
2024-06-24 17:06:417 INFO  LoginPage :45 - Click on login button [[ChromeDriver: chrome on windows (a53342380b241d1d0853740b42a14efb)] -> class name: login-button]
2024-06-24 17:06:939 INFO  ManageBrowser :31 - Chrome Browser Launch ...
2024-06-24 17:06:806 INFO  HomePage :36 - Click on login link [[ChromeDriver: chrome on windows (515af5cb3ba1b0c6c07a5b146ac1f807)] -> link text: Log in]
2024-06-24 17:06:997 INFO  LoginPage :35 - Enter email testfnln123@gmail.com to email field [[ChromeDriver: chrome on windows (515af5cb3ba1b0c6c07a5b146ac1f807)] -> id: Email]
2024-06-24 17:06:191 INFO  LoginPage :40 - Enter email test@123 to email field [[ChromeDriver: chrome on windows (515af5cb3ba1b0c6c07a5b146ac1f807)] -> id: Password]
2024-06-24 17:06:662 INFO  LoginPage :45 - Click on login button [[ChromeDriver: chrome on windows (515af5cb3ba1b0c6c07a5b146ac1f807)] -> class name: login-button]
2024-06-24 17:06:483 INFO  ManageBrowser :31 - Chrome Browser Launch ...
2024-06-24 17:06:924 INFO  HomePage :56 - Click on register link [[ChromeDriver: chrome on windows (1a235d281f368b8eaec10597f9080377)] -> link text: Register]
2024-06-24 17:06:988 INFO  RegisterPage :85 - Get register text Register
2024-06-24 17:06:893 INFO  ManageBrowser :31 - Chrome Browser Launch ...
2024-06-24 17:06:460 INFO  HomePage :56 - Click on register link [[ChromeDriver: chrome on windows (4c8c95090728f4ac696d525a17a44472)] -> link text: Register]
2024-06-24 17:06:595 INFO  RegisterPage :91 - Click on register button[[ChromeDriver: chrome on windows (4c8c95090728f4ac696d525a17a44472)] -> id: register-button]
2024-06-24 17:06:642 INFO  RegisterPage :95 - Get firstname field error message First name is required.
2024-06-24 17:06:685 INFO  RegisterPage :100 - Get lastname field error message Last name is required.
2024-06-24 17:06:721 INFO  RegisterPage :105 - Get email field error message Email is required.
2024-06-24 17:06:757 INFO  RegisterPage :110 - Get password field error message Password is required.
2024-06-24 17:06:688 INFO  ManageBrowser :31 - Chrome Browser Launch ...
2024-06-24 17:06:160 INFO  HomePage :56 - Click on register link [[ChromeDriver: chrome on windows (cf36962d3b6643db0732c71b1a5dcbfc)] -> link text: Register]
2024-06-24 17:06:265 INFO  RegisterPage :116 - Click on Female option from Gender radio button [[ChromeDriver: chrome on windows (cf36962d3b6643db0732c71b1a5dcbfc)] -> id: gender-female]
2024-06-24 17:06:359 INFO  RegisterPage :121 - Enter firstnameTest FirstName to firstname field [[ChromeDriver: chrome on windows (cf36962d3b6643db0732c71b1a5dcbfc)] -> id: FirstName]
2024-06-24 17:06:451 INFO  RegisterPage :126 - Enter lastname Test LastName to lastname field [[ChromeDriver: chrome on windows (cf36962d3b6643db0732c71b1a5dcbfc)] -> id: LastName]
2024-06-24 17:06:556 INFO  RegisterPage :131 - Select day value '12' from Date of birth dropdown [[ChromeDriver: chrome on windows (cf36962d3b6643db0732c71b1a5dcbfc)] -> name: DateOfBirthDay]
2024-06-24 17:06:637 INFO  RegisterPage :136 - Select month value 'April' from Date of birth dropdown [[ChromeDriver: chrome on windows (cf36962d3b6643db0732c71b1a5dcbfc)] -> name: DateOfBirthMonth]
2024-06-24 17:06:747 INFO  RegisterPage :141 - Select year value '1993' from Date of birth dropdown [[ChromeDriver: chrome on windows (cf36962d3b6643db0732c71b1a5dcbfc)] -> name: DateOfBirthYear]
2024-06-24 17:06:840 INFO  RegisterPage :146 - Enter emailtestfnsln910@gmail.com to email field [[ChromeDriver: chrome on windows (cf36962d3b6643db0732c71b1a5dcbfc)] -> id: Email]
2024-06-24 17:06:930 INFO  RegisterPage :151 - Enter password 'test@123' to password field [[ChromeDriver: chrome on windows (cf36962d3b6643db0732c71b1a5dcbfc)] -> id: Password]
2024-06-24 17:06:20 INFO  RegisterPage :156 - Enter confirm password 'test@123' to password field [[ChromeDriver: chrome on windows (cf36962d3b6643db0732c71b1a5dcbfc)] -> id: ConfirmPassword]
2024-06-24 17:06:569 INFO  RegisterPage :91 - Click on register button[[ChromeDriver: chrome on windows (cf36962d3b6643db0732c71b1a5dcbfc)] -> id: register-button]
2024-06-24 17:06:611 INFO  RegisterPage :160 - Get registration successful message Your registration completed
2024-06-24 17:06:838 INFO  ManageBrowser :31 - Chrome Browser Launch ...
2024-06-24 17:06:319 INFO  HomePage :31 - Click on computer tab [[ChromeDriver: chrome on windows (26e61e45db808d9b87c77f91a361d492)] -> link text: Computers]
2024-06-24 17:06:825 INFO  ComputerPage :23 - Get computer text Computers
2024-06-24 17:06:281 INFO  ManageBrowser :31 - Chrome Browser Launch ...
2024-06-24 17:06:244 INFO  HomePage :31 - Click on computer tab [[ChromeDriver: chrome on windows (5b6e62cb275ddf76337f4f636928dbb2)] -> link text: Computers]
2024-06-24 17:06:959 INFO  ComputerPage :29 - click on desktops link[[ChromeDriver: chrome on windows (5b6e62cb275ddf76337f4f636928dbb2)] -> xpath: //li[@class='inactive']//a[normalize-space()='Desktops']]
2024-06-24 17:06:101 INFO  DesktopsPage :23 - Get desktops textDesktops
2024-06-24 17:06:661 INFO  ManageBrowser :31 - Chrome Browser Launch ...
2024-06-24 17:06:356 INFO  HomePage :31 - Click on computer tab [[ChromeDriver: chrome on windows (75e9663d984407803e1c258b583d6623)] -> link text: Computers]
2024-06-24 17:06:918 INFO  ComputerPage :29 - click on desktops link[[ChromeDriver: chrome on windows (75e9663d984407803e1c258b583d6623)] -> xpath: //li[@class='inactive']//a[normalize-space()='Desktops']]
2024-06-24 17:06:217 INFO  DesktopsPage :29 - click on build your own computer product[[ChromeDriver: chrome on windows (75e9663d984407803e1c258b583d6623)] -> link text: Build your own computer]
2024-06-24 17:06:699 INFO  BuildYourOwnComputerPage :57 - Select value '2.2 GHz Intel Pentium Dual-Core E2200' from processor dropdown
2024-06-24 17:06:882 INFO  BuildYourOwnComputerPage :62 - Select value '2 GB' from ram dropdown[[ChromeDriver: chrome on windows (75e9663d984407803e1c258b583d6623)] -> id: product_attribute_2]
2024-06-24 17:06:52 INFO  BuildYourOwnComputerPage :78 - Select value '320 GB' from HDD radio[[[ChromeDriver: chrome on windows (75e9663d984407803e1c258b583d6623)] -> xpath: //ul[@data-attr='3']//li/label], [[ChromeDriver: chrome on windows (75e9663d984407803e1c258b583d6623)] -> xpath: //ul[@data-attr='3']//li/label]]
2024-06-24 17:06:181 INFO  BuildYourOwnComputerPage :94 - Select value 'Vista Home [+$50.00]' from OS radio[[[ChromeDriver: chrome on windows (75e9663d984407803e1c258b583d6623)] -> xpath: //ul[@data-attr='4']//li/label], [[ChromeDriver: chrome on windows (75e9663d984407803e1c258b583d6623)] -> xpath: //ul[@data-attr='4']//li/label]]
2024-06-24 17:06:345 INFO  BuildYourOwnComputerPage :128 - Select value 'Microsoft Office [+$50.00]' from Software checkbox[[[ChromeDriver: chrome on windows (75e9663d984407803e1c258b583d6623)] -> xpath: //ul[@data-attr='5']//li/label], [[ChromeDriver: chrome on windows (75e9663d984407803e1c258b583d6623)] -> xpath: //ul[@data-attr='5']//li/label], [[ChromeDriver: chrome on windows (75e9663d984407803e1c258b583d6623)] -> xpath: //ul[@data-attr='5']//li/label]]
2024-06-24 17:06:507 INFO  BuildYourOwnComputerPage :46 - Click on add to cart button
2024-06-24 17:06:521 INFO  BuildYourOwnComputerPage :51 - Get notification message
2024-06-24 17:06:783 INFO  ManageBrowser :31 - Chrome Browser Launch ...
2024-06-24 17:06:584 INFO  HomePage :31 - Click on computer tab [[ChromeDriver: chrome on windows (f130a37c515c3ae19ec028be68e904ae)] -> link text: Computers]
2024-06-24 17:06:179 INFO  ComputerPage :29 - click on desktops link[[ChromeDriver: chrome on windows (f130a37c515c3ae19ec028be68e904ae)] -> xpath: //li[@class='inactive']//a[normalize-space()='Desktops']]
2024-06-24 17:06:839 INFO  DesktopsPage :29 - click on build your own computer product[[ChromeDriver: chrome on windows (f130a37c515c3ae19ec028be68e904ae)] -> link text: Build your own computer]
2024-06-24 17:06:54 INFO  BuildYourOwnComputerPage :57 - Select value '2.5 GHz Intel Pentium Dual-Core E2200 [+$15.00]' from processor dropdown
2024-06-24 17:06:275 INFO  BuildYourOwnComputerPage :62 - Select value '4GB [+$20.00]' from ram dropdown[[ChromeDriver: chrome on windows (f130a37c515c3ae19ec028be68e904ae)] -> id: product_attribute_2]
2024-06-24 17:06:522 INFO  BuildYourOwnComputerPage :78 - Select value '400 GB [+$100.00]' from HDD radio[[[ChromeDriver: chrome on windows (f130a37c515c3ae19ec028be68e904ae)] -> xpath: //ul[@data-attr='3']//li/label], [[ChromeDriver: chrome on windows (f130a37c515c3ae19ec028be68e904ae)] -> xpath: //ul[@data-attr='3']//li/label]]
2024-06-24 17:06:672 INFO  BuildYourOwnComputerPage :94 - Select value 'Vista Premium [+$60.00]' from OS radio[[[ChromeDriver: chrome on windows (f130a37c515c3ae19ec028be68e904ae)] -> xpath: //ul[@data-attr='4']//li/label], [[ChromeDriver: chrome on windows (f130a37c515c3ae19ec028be68e904ae)] -> xpath: //ul[@data-attr='4']//li/label]]
2024-06-24 17:06:864 INFO  BuildYourOwnComputerPage :128 - Select value 'Acrobat Reader [+$10.00]' from Software checkbox[[[ChromeDriver: chrome on windows (f130a37c515c3ae19ec028be68e904ae)] -> xpath: //ul[@data-attr='5']//li/label], [[ChromeDriver: chrome on windows (f130a37c515c3ae19ec028be68e904ae)] -> xpath: //ul[@data-attr='5']//li/label], [[ChromeDriver: chrome on windows (f130a37c515c3ae19ec028be68e904ae)] -> xpath: //ul[@data-attr='5']//li/label]]
2024-06-24 17:06:957 INFO  BuildYourOwnComputerPage :46 - Click on add to cart button
2024-06-24 17:06:964 INFO  BuildYourOwnComputerPage :51 - Get notification message
2024-06-24 17:06:758 INFO  ManageBrowser :31 - Chrome Browser Launch ...
2024-06-24 17:06:390 INFO  HomePage :31 - Click on computer tab [[ChromeDriver: chrome on windows (d56d64c37938f2ad8133f4566db7391c)] -> link text: Computers]
2024-06-24 17:06:595 INFO  ComputerPage :29 - click on desktops link[[ChromeDriver: chrome on windows (d56d64c37938f2ad8133f4566db7391c)] -> xpath: //li[@class='inactive']//a[normalize-space()='Desktops']]
2024-06-24 17:06:641 INFO  DesktopsPage :29 - click on build your own computer product[[ChromeDriver: chrome on windows (d56d64c37938f2ad8133f4566db7391c)] -> link text: Build your own computer]
2024-06-24 17:06:846 INFO  BuildYourOwnComputerPage :57 - Select value '2.5 GHz Intel Pentium Dual-Core E2200 [+$15.00]' from processor dropdown
2024-06-24 17:06:85 INFO  BuildYourOwnComputerPage :62 - Select value '8GB [+$60.00]' from ram dropdown[[ChromeDriver: chrome on windows (d56d64c37938f2ad8133f4566db7391c)] -> id: product_attribute_2]
2024-06-24 17:06:653 INFO  BuildYourOwnComputerPage :78 - Select value '320 GB' from HDD radio[[[ChromeDriver: chrome on windows (d56d64c37938f2ad8133f4566db7391c)] -> xpath: //ul[@data-attr='3']//li/label], [[ChromeDriver: chrome on windows (d56d64c37938f2ad8133f4566db7391c)] -> xpath: //ul[@data-attr='3']//li/label]]
2024-06-24 17:06:993 INFO  BuildYourOwnComputerPage :94 - Select value 'Vista Home [+$50.00]' from OS radio[[[ChromeDriver: chrome on windows (d56d64c37938f2ad8133f4566db7391c)] -> xpath: //ul[@data-attr='4']//li/label], [[ChromeDriver: chrome on windows (d56d64c37938f2ad8133f4566db7391c)] -> xpath: //ul[@data-attr='4']//li/label]]
2024-06-24 17:06:488 INFO  BuildYourOwnComputerPage :128 - Select value 'Total Commander [+$5.00]' from Software checkbox[[[ChromeDriver: chrome on windows (d56d64c37938f2ad8133f4566db7391c)] -> xpath: //ul[@data-attr='5']//li/label], [[ChromeDriver: chrome on windows (d56d64c37938f2ad8133f4566db7391c)] -> xpath: //ul[@data-attr='5']//li/label], [[ChromeDriver: chrome on windows (d56d64c37938f2ad8133f4566db7391c)] -> xpath: //ul[@data-attr='5']//li/label]]
2024-06-24 17:06:745 INFO  BuildYourOwnComputerPage :46 - Click on add to cart button
2024-06-24 17:06:765 INFO  BuildYourOwnComputerPage :51 - Get notification message
2024-06-24 17:06:538 INFO  ManageBrowser :31 - Chrome Browser Launch ...
2024-06-24 17:06:574 INFO  HomePage :36 - Click on login link [[ChromeDriver: chrome on windows (bf247fa50032d62bb3110f70f700242b)] -> link text: Log in]
2024-06-24 17:06:727 INFO  LoginPage :50 - Get welcome text Welcome, Please Sign In!
2024-06-24 17:06:275 INFO  ManageBrowser :31 - Chrome Browser Launch ...
2024-06-24 17:06:590 INFO  HomePage :36 - Click on login link [[ChromeDriver: chrome on windows (c38cfccdfb25c56584a4d787624b08d7)] -> link text: Log in]
2024-06-24 17:06:933 INFO  LoginPage :35 - Enter email primez123@gmail.com to email field [[ChromeDriver: chrome on windows (c38cfccdfb25c56584a4d787624b08d7)] -> id: Email]
2024-06-24 17:06:238 INFO  LoginPage :40 - Enter email prime123 to email field [[ChromeDriver: chrome on windows (c38cfccdfb25c56584a4d787624b08d7)] -> id: Password]
2024-06-24 17:06:25 INFO  LoginPage :45 - Click on login button [[ChromeDriver: chrome on windows (c38cfccdfb25c56584a4d787624b08d7)] -> class name: login-button]
2024-06-24 17:06:844 INFO  LoginPage :55 - Get error message Login was unsuccessful. Please correct the errors and try again.
No customer account found
2024-06-24 17:06:990 INFO  ManageBrowser :31 - Chrome Browser Launch ...
2024-06-24 17:06:969 INFO  HomePage :36 - Click on login link [[ChromeDriver: chrome on windows (b41245e2640fee12593b4c2f86c766aa)] -> link text: Log in]
2024-06-24 17:06:443 INFO  LoginPage :35 - Enter email testfnsln910@gmail.com to email field [[ChromeDriver: chrome on windows (b41245e2640fee12593b4c2f86c766aa)] -> id: Email]
2024-06-24 17:06:634 INFO  LoginPage :40 - Enter email test@123 to email field [[ChromeDriver: chrome on windows (b41245e2640fee12593b4c2f86c766aa)] -> id: Password]
2024-06-24 17:06:832 INFO  LoginPage :45 - Click on login button [[ChromeDriver: chrome on windows (b41245e2640fee12593b4c2f86c766aa)] -> class name: login-button]
2024-06-24 17:06:170 INFO  HomePage :40 - Get logout text Log out
2024-06-24 17:06:14 INFO  ManageBrowser :31 - Chrome Browser Launch ...
2024-06-24 17:06:643 INFO  HomePage :36 - Click on login link [[ChromeDriver: chrome on windows (4dc37bfa9bb8e6fefc37199aee0158fa)] -> link text: Log in]
2024-06-24 17:06:182 INFO  LoginPage :35 - Enter email testfnsln910@gmail.com to email field [[ChromeDriver: chrome on windows (4dc37bfa9bb8e6fefc37199aee0158fa)] -> id: Email]
2024-06-24 17:06:436 INFO  LoginPage :40 - Enter email test@123 to email field [[ChromeDriver: chrome on windows (4dc37bfa9bb8e6fefc37199aee0158fa)] -> id: Password]
2024-06-24 17:06:187 INFO  LoginPage :45 - Click on login button [[ChromeDriver: chrome on windows (4dc37bfa9bb8e6fefc37199aee0158fa)] -> class name: login-button]
2024-06-24 17:06:45 INFO  HomePage :51 - Click on logout link [[ChromeDriver: chrome on windows (4dc37bfa9bb8e6fefc37199aee0158fa)] -> link text: Log out]
2024-06-24 17:06:153 INFO  HomePage :45 - Get login text Log in
2024-06-24 17:06:702 INFO  ManageBrowser :31 - Chrome Browser Launch ...
2024-06-24 17:06:183 INFO  HomePage :56 - Click on register link [[ChromeDriver: chrome on windows (114fa86b1162384f7cd3a5bd278ac71e)] -> link text: Register]
2024-06-24 17:06:655 INFO  RegisterPage :85 - Get register text Register
2024-06-24 17:06:291 INFO  ManageBrowser :31 - Chrome Browser Launch ...
2024-06-24 17:06:839 INFO  HomePage :56 - Click on register link [[ChromeDriver: chrome on windows (ebc9f6d354c7d49262093f9af3a6203c)] -> link text: Register]
2024-06-24 17:06:787 INFO  RegisterPage :91 - Click on register button[[ChromeDriver: chrome on windows (ebc9f6d354c7d49262093f9af3a6203c)] -> id: register-button]
2024-06-24 17:06:914 INFO  RegisterPage :95 - Get firstname field error message First name is required.
2024-06-24 17:06:20 INFO  RegisterPage :100 - Get lastname field error message Last name is required.
2024-06-24 17:06:93 INFO  RegisterPage :105 - Get email field error message Email is required.
2024-06-24 17:06:200 INFO  RegisterPage :110 - Get password field error message Password is required.
2024-06-24 17:06:162 INFO  ManageBrowser :31 - Chrome Browser Launch ...
2024-06-24 17:06:312 INFO  HomePage :56 - Click on register link [[ChromeDriver: chrome on windows (e624e498aa76cf133bbfa66c74d67ff7)] -> link text: Register]
2024-06-24 17:06:175 INFO  RegisterPage :116 - Click on Female option from Gender radio button [[ChromeDriver: chrome on windows (e624e498aa76cf133bbfa66c74d67ff7)] -> id: gender-female]
2024-06-24 17:06:94 INFO  RegisterPage :121 - Enter firstnameTest FirstName to firstname field [[ChromeDriver: chrome on windows (e624e498aa76cf133bbfa66c74d67ff7)] -> id: FirstName]
2024-06-24 17:06:276 INFO  RegisterPage :126 - Enter lastname Test LastName to lastname field [[ChromeDriver: chrome on windows (e624e498aa76cf133bbfa66c74d67ff7)] -> id: LastName]
2024-06-24 17:06:678 INFO  RegisterPage :131 - Select day value '12' from Date of birth dropdown [[ChromeDriver: chrome on windows (e624e498aa76cf133bbfa66c74d67ff7)] -> name: DateOfBirthDay]
2024-06-24 17:06:842 INFO  RegisterPage :136 - Select month value 'April' from Date of birth dropdown [[ChromeDriver: chrome on windows (e624e498aa76cf133bbfa66c74d67ff7)] -> name: DateOfBirthMonth]
2024-06-24 17:06:993 INFO  RegisterPage :141 - Select year value '1993' from Date of birth dropdown [[ChromeDriver: chrome on windows (e624e498aa76cf133bbfa66c74d67ff7)] -> name: DateOfBirthYear]
2024-06-24 17:06:202 INFO  RegisterPage :146 - Enter emailtestfnsln911@gmail.com to email field [[ChromeDriver: chrome on windows (e624e498aa76cf133bbfa66c74d67ff7)] -> id: Email]
2024-06-24 17:06:454 INFO  RegisterPage :151 - Enter password 'test@123' to password field [[ChromeDriver: chrome on windows (e624e498aa76cf133bbfa66c74d67ff7)] -> id: Password]
2024-06-24 17:06:677 INFO  RegisterPage :156 - Enter confirm password 'test@123' to password field [[ChromeDriver: chrome on windows (e624e498aa76cf133bbfa66c74d67ff7)] -> id: ConfirmPassword]
2024-06-24 17:06:335 INFO  RegisterPage :91 - Click on register button[[ChromeDriver: chrome on windows (e624e498aa76cf133bbfa66c74d67ff7)] -> id: register-button]
2024-06-24 17:06:419 INFO  RegisterPage :160 - Get registration successful message Your registration completed
